<?xml version="1.0" encoding="UTF-8" ?>
<testsuites errors="3"
            failures="1"
            tests="1">

  <testsuite name="ecosia"
    errors="3" failures="1" hostname="" id="" package="ecosia" skipped="0"
    tests="1" time="7.024" timestamp="">
  
    <testcase name="Demo test ecosia.org" classname="ecosia" time="7.024" assertions="5">

    

    

    

      <failure message="Testing if element &lt;.mainline-results&gt; contains text &#39;Nightwatch.js&#39; in 1000ms - expected &#34;contains text &#39;Nightwatch.js&#39;&#34; but got: &#34;element could not be located&#34; (1132ms)">    at DescribeInstance.&lt;anonymous&gt; (F:\AWS Git mapping\vuepocrepo\tests\examples\tests\ecosia.js:13:15)</failure>

    
    <error message="Error while running &#34;containsText&#34; command: Testing if element [0;33m&lt;.mainline-results&gt;[0m contains text [0;33m&#39;Nightwatch.js&#39;[0m in 1000ms - expected [0;32m&#34;contains text &#39;Nightwatch.js&#39;&#34;[0m but got: [0;31m&#34;element could not be located&#34;[0m [0;90m(1132ms)[0m" type="error"><![CDATA[
        at DescribeInstance.&lt;anonymous&gt; (F:\AWS Git mapping\vuepocrepo\tests\examples\tests\ecosia.js:13:15)
    ]]></error>
    
    </testcase>
  

  
    <system-err>
        NoSuchElementError: An error occurred while running .getText() command on &lt;.mainline-results&gt;: from unknown error: web view not found,  (Session info: chrome=84.0.4147.125),  (Driver info: chromedriver=84.0.4147.30 (48b3e868b4cc0aa7e8149519690b6f6949e110a8-refs/branch-heads/4147@{#310}),platform=Windows NT 6.1.7601 SP1 x86); no such window: target window already closed
   {&#34;status&#34;:-1,&#34;state&#34;:&#34;&#34;,&#34;value&#34;:{&#34;message&#34;:&#34;no such window: target window already closed&#34;,&#34;error&#34;:[&#34;from unknown error: web view not found&#34;,&#34;  (Session info: chrome=84.0.4147.125)&#34;,&#34;  (Driver info: chromedriver=84.0.4147.30 (48b3e868b4cc0aa7e8149519690b6f6949e110a8-refs/branch-heads/4147@{#310}),platform=Windows NT 6.1.7601 SP1 x86)&#34;]},&#34;errorStatus&#34;:23,&#34;error&#34;:&#34;no such window: target window already closed&#34;,&#34;httpStatusCode&#34;:200}
   
  NoSuchElementError: An error occurred while running .getText() command on &lt;.mainline-results&gt;: from unknown error: web view not found,  (Session info: chrome=84.0.4147.125),  (Driver info: chromedriver=84.0.4147.30 (48b3e868b4cc0aa7e8149519690b6f6949e110a8-refs/branch-heads/4147@{#310}),platform=Windows NT 6.1.7601 SP1 x86); no such window: target window already closed
   {&#34;status&#34;:-1,&#34;state&#34;:&#34;&#34;,&#34;value&#34;:{&#34;message&#34;:&#34;no such window: target window already closed&#34;,&#34;error&#34;:[&#34;from unknown error: web view not found&#34;,&#34;  (Session info: chrome=84.0.4147.125)&#34;,&#34;  (Driver info: chromedriver=84.0.4147.30 (48b3e868b4cc0aa7e8149519690b6f6949e110a8-refs/branch-heads/4147@{#310}),platform=Windows NT 6.1.7601 SP1 x86)&#34;]},&#34;errorStatus&#34;:23,&#34;error&#34;:&#34;no such window: target window already closed&#34;,&#34;httpStatusCode&#34;:200}
   
  NoSuchElementError: An error occurred while running .getText() command on &lt;.mainline-results&gt;: from unknown error: web view not found,  (Session info: chrome=84.0.4147.125),  (Driver info: chromedriver=84.0.4147.30 (48b3e868b4cc0aa7e8149519690b6f6949e110a8-refs/branch-heads/4147@{#310}),platform=Windows NT 6.1.7601 SP1 x86); no such window: target window already closed
   {&#34;status&#34;:-1,&#34;state&#34;:&#34;&#34;,&#34;value&#34;:{&#34;message&#34;:&#34;no such window: target window already closed&#34;,&#34;error&#34;:[&#34;from unknown error: web view not found&#34;,&#34;  (Session info: chrome=84.0.4147.125)&#34;,&#34;  (Driver info: chromedriver=84.0.4147.30 (48b3e868b4cc0aa7e8149519690b6f6949e110a8-refs/branch-heads/4147@{#310}),platform=Windows NT 6.1.7601 SP1 x86)&#34;]},&#34;errorStatus&#34;:23,&#34;error&#34;:&#34;no such window: target window already closed&#34;,&#34;httpStatusCode&#34;:200}
   
    </system-err>
  

    

  
  </testsuite>
</testsuites>
